<?xml version="1.0" encoding="UTF-8" ?>
<testsuite tests="8" failures="0" name="funkciok.IndexTeszt" time="0" errors="0" skipped="0">
  <properties>
    <property name="java.runtime.name" value="Java(TM) SE Runtime Environment"/>
    <property name="sun.boot.library.path" value="D:\progik\programozas\java\jdk1.8.0_40\jre\bin"/>
    <property name="java.vm.version" value="25.40-b25"/>
    <property name="java.vm.vendor" value="Oracle Corporation"/>
    <property name="java.vendor.url" value="http://java.oracle.com/"/>
    <property name="path.separator" value=";"/>
    <property name="guice.disable.misplaced.annotation.check" value="true"/>
    <property name="java.vm.name" value="Java HotSpot(TM) 64-Bit Server VM"/>
    <property name="file.encoding.pkg" value="sun.io"/>
    <property name="user.script" value=""/>
    <property name="user.country" value="HU"/>
    <property name="sun.java.launcher" value="SUN_STANDARD"/>
    <property name="sun.os.patch.level" value="Service Pack 1"/>
    <property name="test" value="funkciok.IndexTeszt"/>
    <property name="java.vm.specification.name" value="Java Virtual Machine Specification"/>
    <property name="user.dir" value="C:\Users\STARLIGHT\Documents\NetBeansProjects\Szudoku"/>
    <property name="java.runtime.version" value="1.8.0_40-b26"/>
    <property name="java.awt.graphicsenv" value="sun.awt.Win32GraphicsEnvironment"/>
    <property name="java.endorsed.dirs" value="D:\progik\programozas\java\jdk1.8.0_40\jre\lib\endorsed"/>
    <property name="os.arch" value="amd64"/>
    <property name="java.io.tmpdir" value="C:\Users\STARLI~1\AppData\Local\Temp\"/>
    <property name="line.separator" value="
"/>
    <property name="java.vm.specification.vendor" value="Oracle Corporation"/>
    <property name="user.variant" value=""/>
    <property name="os.name" value="Windows 7"/>
    <property name="maven.ext.class.path" value="D:\progik\programozas\NetBeans 8.0.2\java\maven-nblib\netbeans-eventspy.jar"/>
    <property name="classworlds.conf" value="D:\progik\programozas\apache-maven-3.2.1\bin\m2.conf"/>
    <property name="sun.jnu.encoding" value="Cp1250"/>
    <property name="java.library.path" value="D:\progik\programozas\java\jdk1.8.0_40\bin;C:\Windows\Sun\Java\bin;C:\Windows\system32;C:\Windows;C:\ProgramData\Oracle\Java\javapath;D:\progik\programozas\java\jdk1.8.0_40;D:\progik\programozas\java\jdk1.8.0_40\bin;C:\Program Files\ImageMagick-6.8.9-Q16;C:\Program Files\Common Files\Microsoft Shared\Windows Live;C:\Program Files (x86)\Common Files\Microsoft Shared\Windows Live;C:\Program Files (x86)\AMD APP\bin\x86_64;C:\Program Files (x86)\AMD APP\bin\x86;C:\Windows\system32;C:\Windows;C:\Windows\System32\Wbem;C:\Windows\System32\WindowsPowerShell\v1.0\;C:\Program Files (x86)\ATI Technologies\ATI.ACE\Core-Static;d:\progik\cygwin\bin;C:\Program Files (x86)\Windows Live\Shared;D:\progik\programozas\apache-maven-3.3.1\bin;D:\progik\programozas\xom-1.2.10\XOM\bin;D:\progik\programozas\apache-ant-1.9.4\bin;C:\Program Files (x86)\Skype\Phone\;."/>
    <property name="java.specification.name" value="Java Platform API Specification"/>
    <property name="java.class.version" value="52.0"/>
    <property name="sun.management.compiler" value="HotSpot 64-Bit Tiered Compilers"/>
    <property name="os.version" value="6.1"/>
    <property name="user.home" value="C:\Users\STARLIGHT"/>
    <property name="user.timezone" value="Europe/Prague"/>
    <property name="java.awt.printerjob" value="sun.awt.windows.WPrinterJob"/>
    <property name="java.specification.version" value="1.8"/>
    <property name="file.encoding" value="UTF-8"/>
    <property name="user.name" value="STARLIGHT"/>
    <property name="java.class.path" value="D:\progik\programozas\apache-maven-3.2.1\boot\plexus-classworlds-2.5.1.jar"/>
    <property name="org.slf4j.simpleLogger.defaultLogLevel" value="info"/>
    <property name="java.vm.specification.version" value="1.8"/>
    <property name="sun.arch.data.model" value="64"/>
    <property name="java.home" value="D:\progik\programozas\java\jdk1.8.0_40\jre"/>
    <property name="sun.java.command" value="org.codehaus.plexus.classworlds.launcher.Launcher -Dtest=funkciok.IndexTeszt -Dmaven.ext.class.path=D:\progik\programozas\NetBeans 8.0.2\java\maven-nblib\netbeans-eventspy.jar -Dfile.encoding=UTF-8 surefire:test"/>
    <property name="java.specification.vendor" value="Oracle Corporation"/>
    <property name="user.language" value="hu"/>
    <property name="awt.toolkit" value="sun.awt.windows.WToolkit"/>
    <property name="java.vm.info" value="mixed mode"/>
    <property name="java.version" value="1.8.0_40"/>
    <property name="java.ext.dirs" value="D:\progik\programozas\java\jdk1.8.0_40\jre\lib\ext;C:\Windows\Sun\Java\lib\ext"/>
    <property name="sun.boot.class.path" value="D:\progik\programozas\java\jdk1.8.0_40\jre\lib\resources.jar;D:\progik\programozas\java\jdk1.8.0_40\jre\lib\rt.jar;D:\progik\programozas\java\jdk1.8.0_40\jre\lib\sunrsasign.jar;D:\progik\programozas\java\jdk1.8.0_40\jre\lib\jsse.jar;D:\progik\programozas\java\jdk1.8.0_40\jre\lib\jce.jar;D:\progik\programozas\java\jdk1.8.0_40\jre\lib\charsets.jar;D:\progik\programozas\java\jdk1.8.0_40\jre\lib\jfr.jar;D:\progik\programozas\java\jdk1.8.0_40\jre\classes"/>
    <property name="java.vendor" value="Oracle Corporation"/>
    <property name="maven.home" value="D:\progik\programozas\apache-maven-3.2.1"/>
    <property name="file.separator" value="\"/>
    <property name="java.vendor.url.bug" value="http://bugreport.sun.com/bugreport/"/>
    <property name="sun.cpu.endian" value="little"/>
    <property name="sun.io.unicode.encoding" value="UnicodeLittle"/>
    <property name="sun.desktop" value="windows"/>
    <property name="sun.cpu.isalist" value="amd64"/>
  </properties>
  <testcase classname="funkciok.IndexTeszt" name="indexetSzámolRekeszbenKilenc" time="0"/>
  <testcase classname="funkciok.IndexTeszt" name="indexetSzámolRekeszbenEgy" time="0"/>
  <testcase classname="funkciok.IndexTeszt" name="indexetSzámolTáblábanNégy" time="0"/>
  <testcase classname="funkciok.IndexTeszt" name="indexetSzámolRekeszbenKettő" time="0"/>
  <testcase classname="funkciok.IndexTeszt" name="indexetSzámolRekeszbenHárom" time="0"/>
  <testcase classname="funkciok.IndexTeszt" name="indexetSzámolRekeszbenNulla" time="0"/>
  <testcase classname="funkciok.IndexTeszt" name="indexetSzámolTáblábanEgy" time="0"/>
  <testcase classname="funkciok.IndexTeszt" name="indexetSzámolTáblábanHét" time="0"/>
</testsuite>